This file contains any messages produced by compilers while
running configure, to aid debugging if configure makes a mistake.

It was created by ParIS Parallel index of sequence configure 1.3, which was
generated by GNU Autoconf 2.69.  Invocation command line was

  $ ./configure --no-create --no-recursion

## --------- ##
## Platform. ##
## --------- ##

hostname = thegates.cluster.ics.forth.gr
uname -m = x86_64
uname -r = 3.10.0-1160.36.2.el7.x86_64
uname -s = Linux
uname -v = #1 SMP Wed Jul 21 11:57:15 UTC 2021

/usr/bin/uname -p = x86_64
/bin/uname -X     = unknown

/bin/arch              = x86_64
/usr/bin/arch -k       = unknown
/usr/convex/getsysinfo = unknown
/usr/bin/hostinfo      = unknown
/bin/machine           = unknown
/usr/bin/oslevel       = unknown
/bin/universe          = unknown

PATH: /home1/public/vorgias/.vscode-server/cli/servers/Stable-f1a4fb101478ce6ec82fe9627c43efbf9e98c813/server/bin/remote-cli
PATH: /home1/public/vorgias/local/bin
PATH: /home1/public/vorgias/local/bin
PATH: /usr/local/bin
PATH: /usr/bin
PATH: /usr/local/sbin
PATH: /usr/sbin
PATH: /home1/public/vorgias/bin


## ----------- ##
## Core tests. ##
## ----------- ##

configure:2104: checking for a BSD-compatible install
configure:2172: result: /usr/bin/install -c
configure:2183: checking whether build environment is sane
configure:2238: result: yes
configure:2389: checking for a thread-safe mkdir -p
configure:2428: result: /usr/bin/mkdir -p
configure:2435: checking for gawk
configure:2451: found /usr/bin/gawk
configure:2462: result: gawk
configure:2473: checking whether make sets $(MAKE)
configure:2495: result: yes
configure:2524: checking whether make supports nested variables
configure:2541: result: yes
configure:2708: checking for gcc
configure:2724: found /usr/bin/gcc
configure:2735: result: gcc
configure:2964: checking for C compiler version
configure:2973: gcc --version >&5
gcc (GCC) 4.8.5 20150623 (Red Hat 4.8.5-44)
Copyright (C) 2015 Free Software Foundation, Inc.
This is free software; see the source for copying conditions.  There is NO
warranty; not even for MERCHANTABILITY or FITNESS FOR A PARTICULAR PURPOSE.

configure:2984: $? = 0
configure:2973: gcc -v >&5
Using built-in specs.
COLLECT_GCC=gcc
COLLECT_LTO_WRAPPER=/usr/libexec/gcc/x86_64-redhat-linux/4.8.5/lto-wrapper
Target: x86_64-redhat-linux
Configured with: ../configure --prefix=/usr --mandir=/usr/share/man --infodir=/usr/share/info --with-bugurl=http://bugzilla.redhat.com/bugzilla --enable-bootstrap --enable-shared --enable-threads=posix --enable-checking=release --with-system-zlib --enable-__cxa_atexit --disable-libunwind-exceptions --enable-gnu-unique-object --enable-linker-build-id --with-linker-hash-style=gnu --enable-languages=c,c++,objc,obj-c++,java,fortran,ada,go,lto --enable-plugin --enable-initfini-array --disable-libgcj --with-isl=/builddir/build/BUILD/gcc-4.8.5-20150702/obj-x86_64-redhat-linux/isl-install --with-cloog=/builddir/build/BUILD/gcc-4.8.5-20150702/obj-x86_64-redhat-linux/cloog-install --enable-gnu-indirect-function --with-tune=generic --with-arch_32=x86-64 --build=x86_64-redhat-linux
Thread model: posix
gcc version 4.8.5 20150623 (Red Hat 4.8.5-44) (GCC) 
configure:2984: $? = 0
configure:2973: gcc -V >&5
gcc: error: unrecognized command line option '-V'
gcc: fatal error: no input files
compilation terminated.
configure:2984: $? = 4
configure:2973: gcc -qversion >&5
gcc: error: unrecognized command line option '-qversion'
gcc: fatal error: no input files
compilation terminated.
configure:2984: $? = 4
configure:3004: checking whether the C compiler works
configure:3026: gcc    conftest.c  >&5
configure:3030: $? = 0
configure:3078: result: yes
configure:3081: checking for C compiler default output file name
configure:3083: result: a.out
configure:3089: checking for suffix of executables
configure:3096: gcc -o conftest    conftest.c  >&5
configure:3100: $? = 0
configure:3122: result: 
configure:3144: checking whether we are cross compiling
configure:3152: gcc -o conftest    conftest.c  >&5
configure:3156: $? = 0
configure:3163: ./conftest
configure:3167: $? = 0
configure:3182: result: no
configure:3187: checking for suffix of object files
configure:3209: gcc -c   conftest.c >&5
configure:3213: $? = 0
configure:3234: result: o
configure:3238: checking whether we are using the GNU C compiler
configure:3257: gcc -c   conftest.c >&5
configure:3257: $? = 0
configure:3266: result: yes
configure:3275: checking whether gcc accepts -g
configure:3295: gcc -c -g  conftest.c >&5
configure:3295: $? = 0
configure:3336: result: yes
configure:3353: checking for gcc option to accept ISO C89
configure:3416: gcc  -c -g -O2  conftest.c >&5
configure:3416: $? = 0
configure:3429: result: none needed
configure:3454: checking whether gcc understands -c and -o together
configure:3476: gcc -c conftest.c -o conftest2.o
configure:3479: $? = 0
configure:3476: gcc -c conftest.c -o conftest2.o
configure:3479: $? = 0
configure:3491: result: yes
configure:3519: checking for style of include used by make
configure:3547: result: GNU
configure:3573: checking dependency style of gcc
configure:3684: result: gcc3
configure:3742: checking for ranlib
configure:3758: found /usr/bin/ranlib
configure:3769: result: ranlib
configure:3798: checking how to run the C preprocessor
configure:3829: gcc -E  conftest.c
configure:3829: $? = 0
configure:3843: gcc -E  conftest.c
conftest.c:9:28: fatal error: ac_nonexistent.h: No such file or directory
 #include <ac_nonexistent.h>
                            ^
compilation terminated.
configure:3843: $? = 1
configure: failed program was:
| /* confdefs.h */
| #define PACKAGE_NAME "ParIS Parallel index of sequence"
| #define PACKAGE_TARNAME "libads"
| #define PACKAGE_VERSION "1.3"
| #define PACKAGE_STRING "ParIS Parallel index of sequence 1.3"
| #define PACKAGE_BUGREPORT "botao.peng@parisdescartes.fr"
| #define PACKAGE_URL ""
| /* end confdefs.h.  */
| #include <ac_nonexistent.h>
configure:3868: result: gcc -E
configure:3888: gcc -E  conftest.c
configure:3888: $? = 0
configure:3902: gcc -E  conftest.c
conftest.c:9:28: fatal error: ac_nonexistent.h: No such file or directory
 #include <ac_nonexistent.h>
                            ^
compilation terminated.
configure:3902: $? = 1
configure: failed program was:
| /* confdefs.h */
| #define PACKAGE_NAME "ParIS Parallel index of sequence"
| #define PACKAGE_TARNAME "libads"
| #define PACKAGE_VERSION "1.3"
| #define PACKAGE_STRING "ParIS Parallel index of sequence 1.3"
| #define PACKAGE_BUGREPORT "botao.peng@parisdescartes.fr"
| #define PACKAGE_URL ""
| /* end confdefs.h.  */
| #include <ac_nonexistent.h>
configure:3931: checking for grep that handles long lines and -e
configure:3989: result: /usr/bin/grep
configure:3994: checking for egrep
configure:4056: result: /usr/bin/grep -E
configure:4061: checking for ANSI C header files
configure:4081: gcc -c -g -O2  conftest.c >&5
configure:4081: $? = 0
configure:4154: gcc -o conftest -g -O2   conftest.c  >&5
configure:4154: $? = 0
configure:4154: ./conftest
configure:4154: $? = 0
configure:4165: result: yes
configure:4178: checking for sys/types.h
configure:4178: gcc -c -g -O2  conftest.c >&5
configure:4178: $? = 0
configure:4178: result: yes
configure:4178: checking for sys/stat.h
configure:4178: gcc -c -g -O2  conftest.c >&5
configure:4178: $? = 0
configure:4178: result: yes
configure:4178: checking for stdlib.h
configure:4178: gcc -c -g -O2  conftest.c >&5
configure:4178: $? = 0
configure:4178: result: yes
configure:4178: checking for string.h
configure:4178: gcc -c -g -O2  conftest.c >&5
configure:4178: $? = 0
configure:4178: result: yes
configure:4178: checking for memory.h
configure:4178: gcc -c -g -O2  conftest.c >&5
configure:4178: $? = 0
configure:4178: result: yes
configure:4178: checking for strings.h
configure:4178: gcc -c -g -O2  conftest.c >&5
configure:4178: $? = 0
configure:4178: result: yes
configure:4178: checking for inttypes.h
configure:4178: gcc -c -g -O2  conftest.c >&5
configure:4178: $? = 0
configure:4178: result: yes
configure:4178: checking for stdint.h
configure:4178: gcc -c -g -O2  conftest.c >&5
configure:4178: $? = 0
configure:4178: result: yes
configure:4178: checking for unistd.h
configure:4178: gcc -c -g -O2  conftest.c >&5
configure:4178: $? = 0
configure:4178: result: yes
configure:4190: checking values.h usability
configure:4190: gcc -c -g -O2  conftest.c >&5
configure:4190: $? = 0
configure:4190: result: yes
configure:4190: checking values.h presence
configure:4190: gcc -E  conftest.c
configure:4190: $? = 0
configure:4190: result: yes
configure:4190: checking for values.h
configure:4190: result: yes
configure:4245: checking for ar
configure:4261: found /usr/bin/ar
configure:4272: result: ar
configure:4298: checking the archiver (ar) interface
configure:4314: gcc -c -g -O2  conftest.c >&5
configure:4314: $? = 0
configure:4316: ar cru libconftest.a conftest.o >&5
configure:4319: $? = 0
configure:4347: result: ar
configure:4569: checking that generated files are newer than configure
configure:4575: result: done
configure:4598: creating ./config.status

## ---------------- ##
## Cache variables. ##
## ---------------- ##

ac_cv_c_compiler_gnu=yes
ac_cv_env_CC_set=
ac_cv_env_CC_value=
ac_cv_env_CFLAGS_set=
ac_cv_env_CFLAGS_value=
ac_cv_env_CPPFLAGS_set=
ac_cv_env_CPPFLAGS_value=
ac_cv_env_CPP_set=
ac_cv_env_CPP_value=
ac_cv_env_LDFLAGS_set=
ac_cv_env_LDFLAGS_value=
ac_cv_env_LIBS_set=
ac_cv_env_LIBS_value=
ac_cv_env_build_alias_set=
ac_cv_env_build_alias_value=
ac_cv_env_host_alias_set=
ac_cv_env_host_alias_value=
ac_cv_env_target_alias_set=
ac_cv_env_target_alias_value=
ac_cv_header_inttypes_h=yes
ac_cv_header_memory_h=yes
ac_cv_header_stdc=yes
ac_cv_header_stdint_h=yes
ac_cv_header_stdlib_h=yes
ac_cv_header_string_h=yes
ac_cv_header_strings_h=yes
ac_cv_header_sys_stat_h=yes
ac_cv_header_sys_types_h=yes
ac_cv_header_unistd_h=yes
ac_cv_header_values_h=yes
ac_cv_objext=o
ac_cv_path_EGREP='/usr/bin/grep -E'
ac_cv_path_GREP=/usr/bin/grep
ac_cv_path_install='/usr/bin/install -c'
ac_cv_path_mkdir=/usr/bin/mkdir
ac_cv_prog_AWK=gawk
ac_cv_prog_CPP='gcc -E'
ac_cv_prog_ac_ct_AR=ar
ac_cv_prog_ac_ct_CC=gcc
ac_cv_prog_ac_ct_RANLIB=ranlib
ac_cv_prog_cc_c89=
ac_cv_prog_cc_g=yes
ac_cv_prog_make_make_set=yes
am_cv_CC_dependencies_compiler_type=gcc3
am_cv_ar_interface=ar
am_cv_make_support_nested_variables=yes
am_cv_prog_cc_c_o=yes

## ----------------- ##
## Output variables. ##
## ----------------- ##

ACLOCAL='${SHELL} /home1/public/vorgias/MESSI/missing aclocal-1.15'
AMDEPBACKSLASH='\'
AMDEP_FALSE='#'
AMDEP_TRUE=''
AMTAR='$${TAR-tar}'
AM_BACKSLASH='\'
AM_DEFAULT_V='$(AM_DEFAULT_VERBOSITY)'
AM_DEFAULT_VERBOSITY='1'
AM_V='$(V)'
AR='ar'
AUTOCONF='${SHELL} /home1/public/vorgias/MESSI/missing autoconf'
AUTOHEADER='${SHELL} /home1/public/vorgias/MESSI/missing autoheader'
AUTOMAKE='${SHELL} /home1/public/vorgias/MESSI/missing automake-1.15'
AWK='gawk'
CC='gcc'
CCDEPMODE='depmode=gcc3'
CFLAGS='-g -O2'
CPP='gcc -E'
CPPFLAGS=''
CYGPATH_W='echo'
DEFS='-DHAVE_CONFIG_H'
DEPDIR='.deps'
ECHO_C=''
ECHO_N='-n'
ECHO_T=''
EGREP='/usr/bin/grep -E'
EXEEXT=''
GREP='/usr/bin/grep'
INSTALL_DATA='${INSTALL} -m 644'
INSTALL_PROGRAM='${INSTALL}'
INSTALL_SCRIPT='${INSTALL}'
INSTALL_STRIP_PROGRAM='$(install_sh) -c -s'
LDFLAGS=''
LIBOBJS=''
LIBS=''
LTLIBOBJS=''
MAKEINFO='${SHELL} /home1/public/vorgias/MESSI/missing makeinfo'
MKDIR_P='/usr/bin/mkdir -p'
OBJEXT='o'
PACKAGE='libads'
PACKAGE_BUGREPORT='botao.peng@parisdescartes.fr'
PACKAGE_NAME='ParIS Parallel index of sequence'
PACKAGE_STRING='ParIS Parallel index of sequence 1.3'
PACKAGE_TARNAME='libads'
PACKAGE_URL=''
PACKAGE_VERSION='1.3'
PATH_SEPARATOR=':'
RANLIB='ranlib'
SET_MAKE=''
SHELL='/bin/bash'
STRIP=''
VERSION='1.3'
ac_ct_AR='ar'
ac_ct_CC='gcc'
am__EXEEXT_FALSE=''
am__EXEEXT_TRUE='#'
am__fastdepCC_FALSE='#'
am__fastdepCC_TRUE=''
am__include='include'
am__isrc=''
am__leading_dot='.'
am__nodep='_no'
am__quote=''
am__tar='$${TAR-tar} chof - "$$tardir"'
am__untar='$${TAR-tar} xf -'
bindir='${exec_prefix}/bin'
build_alias=''
datadir='${datarootdir}'
datarootdir='${prefix}/share'
docdir='${datarootdir}/doc/${PACKAGE_TARNAME}'
dvidir='${docdir}'
exec_prefix='${prefix}'
host_alias=''
htmldir='${docdir}'
includedir='${prefix}/include'
infodir='${datarootdir}/info'
install_sh='${SHELL} /home1/public/vorgias/MESSI/install-sh'
libdir='${exec_prefix}/lib'
libexecdir='${exec_prefix}/libexec'
localedir='${datarootdir}/locale'
localstatedir='${prefix}/var'
mandir='${datarootdir}/man'
mkdir_p='$(MKDIR_P)'
oldincludedir='/usr/include'
pdfdir='${docdir}'
prefix='/usr/local'
program_transform_name='s,x,x,'
psdir='${docdir}'
runstatedir='${localstatedir}/run'
sbindir='${exec_prefix}/sbin'
sharedstatedir='${prefix}/com'
sysconfdir='${prefix}/etc'
target_alias=''

## ----------- ##
## confdefs.h. ##
## ----------- ##

/* confdefs.h */
#define PACKAGE_NAME "ParIS Parallel index of sequence"
#define PACKAGE_TARNAME "libads"
#define PACKAGE_VERSION "1.3"
#define PACKAGE_STRING "ParIS Parallel index of sequence 1.3"
#define PACKAGE_BUGREPORT "botao.peng@parisdescartes.fr"
#define PACKAGE_URL ""
#define STDC_HEADERS 1
#define HAVE_SYS_TYPES_H 1
#define HAVE_SYS_STAT_H 1
#define HAVE_STDLIB_H 1
#define HAVE_STRING_H 1
#define HAVE_MEMORY_H 1
#define HAVE_STRINGS_H 1
#define HAVE_INTTYPES_H 1
#define HAVE_STDINT_H 1
#define HAVE_UNISTD_H 1
#define VALUES /**/
#define EKOSMAS_DEV_OUTPUT /**/
#define BENCHMARK /**/
#define VERBOSE 0

configure: exit 0

## ---------------------- ##
## Running config.status. ##
## ---------------------- ##

This file was extended by ParIS Parallel index of sequence config.status 1.3, which was
generated by GNU Autoconf 2.69.  Invocation command line was

  CONFIG_FILES    = 
  CONFIG_HEADERS  = 
  CONFIG_LINKS    = 
  CONFIG_COMMANDS = 
  $ ./config.status 

on thegates.cluster.ics.forth.gr

config.status:858: creating Makefile
config.status:858: creating config.h
config.status:1039: config.h is unchanged
config.status:1087: executing depfiles commands

## ---------------------- ##
## Running config.status. ##
## ---------------------- ##

This file was extended by ParIS Parallel index of sequence config.status 1.3, which was
generated by GNU Autoconf 2.69.  Invocation command line was

  CONFIG_FILES    = 
  CONFIG_HEADERS  = 
  CONFIG_LINKS    = 
  CONFIG_COMMANDS = 
  $ ./config.status config.h

on thegates.cluster.ics.forth.gr

config.status:858: creating config.h
config.status:1039: config.h is unchanged
